;  LST file generated by mikroListExporter - v.2.0 
; Date/Time: 08-Feb-23 5:29:05 PM
;----------------------------------------------

;Address Opcode 	ASM
0x0000	0x00000004052A  	GOTO	_main
0x0004	0x000000  	0
0x0006	0x000000  	0
0x0008	0x000000  	0
0x000A	0x000000  	0
0x000C	0x000000  	0
0x000E	0x000000  	0
0x0010	0x000000  	0
0x0012	0x000000  	0
0x0014	0x000000  	0
0x0016	0x000000  	0
0x0018	0x000000  	0
0x001A	0x0004B2  	1202
0x001C	0x000000  	0
0x001E	0x000000  	0
0x0020	0x000000  	0
0x0022	0x000000  	0
0x0024	0x000000  	0
0x0026	0x000000  	0
0x0028	0x000000  	0
0x002A	0x0004E4  	1252
0x002C	0x000000  	0
0x002E	0x000000  	0
0x0030	0x000000  	0
0x0032	0x000000  	0
0x0034	0x000000  	0
0x0036	0x000000  	0
0x0038	0x000000  	0
0x003A	0x000000  	0
0x003C	0x000000  	0
0x003E	0x000000  	0
0x0040	0x000000  	0
0x0042	0x000000  	0
0x0044	0x000000  	0
0x0046	0x000000  	0
0x0048	0x000000  	0
0x004A	0x000000  	0
0x004C	0x000000  	0
0x004E	0x000000  	0
0x0050	0x000000  	0
0x0052	0x000000  	0
0x0054	0x000000  	0
0x0056	0x000000  	0
0x0058	0x000000  	0
0x005A	0x000000  	0
0x005C	0x000000  	0
0x005E	0x000000  	0
0x0060	0x000000  	0
0x0062	0x000000  	0
0x0064	0x000000  	0
0x0066	0x000000  	0
0x0068	0x000000  	0
0x006A	0x000000  	0
0x006C	0x000000  	0
0x006E	0x000000  	0
0x0070	0x000000  	0
0x0072	0x000000  	0
0x0074	0x000000  	0
0x0076	0x000000  	0
0x0078	0x000000  	0
0x007A	0x000000  	0
0x007C	0x000000  	0
0x007E	0x000000  	0
0x0080	0x000000  	0
0x0082	0x000000  	0
0x0084	0x000000  	0
0x0086	0x000000  	0
0x0088	0x000000  	0
0x008A	0x000000  	0
0x008C	0x000000  	0
0x008E	0x000000  	0
0x0090	0x000000  	0
0x0092	0x000000  	0
0x0094	0x000000  	0
0x0096	0x000000  	0
0x0098	0x000000  	0
0x009A	0x000000  	0
0x009C	0x000000  	0
0x009E	0x000000  	0
0x00A0	0x000000  	0
0x00A2	0x000000  	0
0x00A4	0x000000  	0
0x00A6	0x000000  	0
0x00A8	0x000000  	0
0x00AA	0x000000  	0
0x00AC	0x000000  	0
0x00AE	0x000000  	0
0x00B0	0x000000  	0
0x00B2	0x000000  	0
0x00B4	0x000000  	0
0x00B6	0x000000  	0
0x00B8	0x000000  	0
0x00BA	0x000000  	0
0x00BC	0x000000  	0
0x00BE	0x000000  	0
0x00C0	0x000000  	0
0x00C2	0x000000  	0
0x00C4	0x000000  	0
0x00C6	0x000000  	0
0x00C8	0x000000  	0
0x00CA	0x000000  	0
0x00CC	0x000000  	0
0x00CE	0x000000  	0
0x00D0	0x000000  	0
0x00D2	0x000000  	0
0x00D4	0x000000  	0
0x00D6	0x000000  	0
0x00D8	0x000000  	0
0x00DA	0x000000  	0
0x00DC	0x000000  	0
0x00DE	0x000000  	0
0x00E0	0x000000  	0
0x00E2	0x000000  	0
0x00E4	0x000000  	0
0x00E6	0x000000  	0
0x00E8	0x000000  	0
0x00EA	0x000000  	0
0x00EC	0x000000  	0
0x00EE	0x000000  	0
0x00F0	0x000000  	0
0x00F2	0x000000  	0
0x00F4	0x000000  	0
0x00F6	0x000000  	0
0x00F8	0x000000  	0
0x00FA	0x000000  	0
0x00FC	0x000000  	0
0x00FE	0x000000  	0
0x0100	0x000000  	0
0x0102	0x000000  	0
0x0104	0x000000  	0
0x0106	0x000000  	0
0x0108	0x000000  	0
0x010A	0x000000  	0
0x010C	0x000000  	0
0x010E	0x000000  	0
0x0110	0x000000  	0
0x0112	0x000000  	0
0x0114	0x000000  	0
0x0116	0x000000  	0
0x0118	0x000000  	0
0x011A	0x000000  	0
0x011C	0x000000  	0
0x011E	0x000000  	0
0x0120	0x000000  	0
0x0122	0x000000  	0
0x0124	0x000000  	0
0x0126	0x000000  	0
0x0128	0x000000  	0
0x012A	0x000000  	0
0x012C	0x000000  	0
0x012E	0x000000  	0
0x0130	0x000000  	0
0x0132	0x000000  	0
0x0134	0x000000  	0
0x0136	0x000000  	0
0x0138	0x000000  	0
0x013A	0x000000  	0
0x013C	0x000000  	0
0x013E	0x000000  	0
0x0140	0x000000  	0
0x0142	0x000000  	0
0x0144	0x000000  	0
0x0146	0x000000  	0
0x0148	0x000000  	0
0x014A	0x000000  	0
0x014C	0x000000  	0
0x014E	0x000000  	0
0x0150	0x000000  	0
0x0152	0x000000  	0
0x0154	0x000000  	0
0x0156	0x000000  	0
0x0158	0x000000  	0
0x015A	0x000000  	0
0x015C	0x000000  	0
0x015E	0x000000  	0
0x0160	0x000000  	0
0x0162	0x000000  	0
0x0164	0x000000  	0
0x0166	0x000000  	0
0x0168	0x000000  	0
0x016A	0x000000  	0
0x016C	0x000000  	0
0x016E	0x000000  	0
0x0170	0x000000  	0
0x0172	0x000000  	0
0x0174	0x000000  	0
0x0176	0x000000  	0
0x0178	0x000000  	0
0x017A	0x000000  	0
0x017C	0x000000  	0
0x017E	0x000000  	0
0x0180	0x000000  	0
0x0182	0x000000  	0
0x0184	0x000000  	0
0x0186	0x000000  	0
0x0188	0x000000  	0
0x018A	0x000000  	0
0x018C	0x000000  	0
0x018E	0x000000  	0
0x0190	0x000000  	0
0x0192	0x000000  	0
0x0194	0x000000  	0
0x0196	0x000000  	0
0x0198	0x000000  	0
0x019A	0x000000  	0
0x019C	0x000000  	0
0x019E	0x000000  	0
0x01A0	0x000000  	0
0x01A2	0x000000  	0
0x01A4	0x000000  	0
0x01A6	0x000000  	0
0x01A8	0x000000  	0
0x01AA	0x000000  	0
0x01AC	0x000000  	0
0x01AE	0x000000  	0
0x01B0	0x000000  	0
0x01B2	0x000000  	0
0x01B4	0x000000  	0
0x01B6	0x000000  	0
0x01B8	0x000000  	0
0x01BA	0x000000  	0
0x01BC	0x000000  	0
0x01BE	0x000000  	0
0x01C0	0x000000  	0
0x01C2	0x000000  	0
0x01C4	0x000000  	0
0x01C6	0x000000  	0
0x01C8	0x000000  	0
0x01CA	0x000000  	0
0x01CC	0x000000  	0
0x01CE	0x000000  	0
0x01D0	0x000000  	0
0x01D2	0x000000  	0
0x01D4	0x000000  	0
0x01D6	0x000000  	0
0x01D8	0x000000  	0
0x01DA	0x000000  	0
0x01DC	0x000000  	0
0x01DE	0x000000  	0
0x01E0	0x000000  	0
0x01E2	0x000000  	0
0x01E4	0x000000  	0
0x01E6	0x000000  	0
0x01E8	0x000000  	0
0x01EA	0x000000  	0
0x01EC	0x000000  	0
0x01EE	0x000000  	0
0x01F0	0x000000  	0
0x01F2	0x000000  	0
0x01F4	0x000000  	0
0x01F6	0x000000  	0
0x01F8	0x000000  	0
0x01FA	0x000000  	0
0x01FC	0x000000  	0
0x01FE	0x000000  	0
_main:
0x052A	0x2093CF  	MOV	#2364, W15
0x052C	0x247FF0  	MOV	#18431, W0
0x052E	0xB7A020  	MOV	WREG, SPLIM
0x0530	0x200010  	MOV	#1, W0
0x0532	0xB7A034  	MOV	WREG, PSVPAG
0x0534	0x200040  	MOV	#4, W0
0x0536	0xB72044  	IOR	CORCON
0x0538	0xFA0000  	LNK	#0
0x053A	0x000000020588  	CALL	1416
0x053E	0x000000020592  	CALL	1426
;main.c,7 :: 		void main()
;main.c,9 :: 		uartInitArduino();
0x0542	0x781F8A  	PUSH	W10
0x0544	0x781F8B  	PUSH	W11
0x0546	0x07FF78  	RCALL	_uartInitArduino
;main.c,10 :: 		for(i=0;i<100;i++)
0x0548	0xEF2000  	CLR	W0
0x054A	0x8846B0  	MOV	W0, _i
L_main0:
0x054C	0x200641  	MOV	#100, W1
0x054E	0x208D60  	MOV	#lo_addr(_i), W0
0x0550	0xE10810  	CP	W1, [W0]
0x0552	0x36000B  	BRA LEU	L_main1
L__main8:
;main.c,11 :: 		uartTxBuffer[i]=i+70;
0x0554	0x208D81  	MOV	#lo_addr(_uartTxBuffer), W1
0x0556	0x208D60  	MOV	#lo_addr(_i), W0
0x0558	0x408110  	ADD	W1, [W0], W2
0x055A	0x200461  	MOV	#70, W1
0x055C	0x208D60  	MOV	#lo_addr(_i), W0
0x055E	0x408010  	ADD	W1, [W0], W0
0x0560	0x784900  	MOV.B	W0, [W2]
;main.c,10 :: 		for(i=0;i<100;i++)
0x0562	0x200011  	MOV	#1, W1
0x0564	0x208D60  	MOV	#lo_addr(_i), W0
0x0566	0x408810  	ADD	W1, [W0], [W0]
;main.c,11 :: 		uartTxBuffer[i]=i+70;
0x0568	0x37FFF1  	BRA	L_main0
L_main1:
;main.c,12 :: 		while(1)
L_main3:
;main.c,14 :: 		uartTxToArduino(5,uartTxBuffer);
0x056A	0x208D8B  	MOV	#lo_addr(_uartTxBuffer), W11
0x056C	0xB3C05A  	MOV.B	#5, W10
0x056E	0x07FF91  	RCALL	_uartTxToArduino
;main.c,15 :: 		Delay_ms(3000);
0x0570	0x2003E8  	MOV	#62, W8
0x0572	0x209137  	MOV	#2323, W7
L_main5:
0x0574	0xED200E  	DEC	W7
0x0576	0x3AFFFE  	BRA NZ	L_main5
0x0578	0xED2010  	DEC	W8
0x057A	0x3AFFFC  	BRA NZ	L_main5
0x057C	0x000000  	NOP
;main.c,16 :: 		}
0x057E	0x37FFF5  	BRA	L_main3
;main.c,18 :: 		}
L_end_main:
0x0580	0x7805CF  	POP	W11
0x0582	0x78054F  	POP	W10
0x0584	0xFA8000  	ULNK
L__main_end_loop:
0x0586	0x37FFFF  	BRA	L__main_end_loop
; end of _main
_uartInitArduino:
0x0438	0xFA0000  	LNK	#0
;uart.c,11 :: 		void uartInitArduino()
;uart.c,13 :: 		oscconbits.IOLOCK=0;   //unlock
0x043A	0x781F8A  	PUSH	W10
0x043C	0x781F8B  	PUSH	W11
0x043E	0x781F8C  	PUSH	W12
0x0440	0x781F8D  	PUSH	W13
0x0442	0xA9C742  	BCLR.B	OSCCONbits, #6
;uart.c,14 :: 		RPINR18bits.U1RXR=27;  //uart1 I RP2
0x0444	0xB3C1B0  	MOV.B	#27, W0
0x0446	0x784080  	MOV.B	W0, W1
0x0448	0x206A40  	MOV	#lo_addr(RPINR18bits), W0
0x044A	0x68C090  	XOR.B	W1, [W0], W1
0x044C	0xB3C3F0  	MOV.B	#63, W0
0x044E	0x60C080  	AND.B	W1, W0, W1
0x0450	0x206A40  	MOV	#lo_addr(RPINR18bits), W0
0x0452	0x68C090  	XOR.B	W1, [W0], W1
0x0454	0x206A40  	MOV	#lo_addr(RPINR18bits), W0
0x0456	0x784801  	MOV.B	W1, [W0]
;uart.c,15 :: 		RPOR13bits.RP26R=3;     //uart1 O RP3
0x0458	0xB3C030  	MOV.B	#3, W0
0x045A	0x784080  	MOV.B	W0, W1
0x045C	0x206DA0  	MOV	#lo_addr(RPOR13bits), W0
0x045E	0x68C090  	XOR.B	W1, [W0], W1
0x0460	0xB3C3F0  	MOV.B	#63, W0
0x0462	0x60C080  	AND.B	W1, W0, W1
0x0464	0x206DA0  	MOV	#lo_addr(RPOR13bits), W0
0x0466	0x68C090  	XOR.B	W1, [W0], W1
0x0468	0x206DA0  	MOV	#lo_addr(RPOR13bits), W0
0x046A	0x784801  	MOV.B	W1, [W0]
;uart.c,16 :: 		UART1_Init(19200);      //uart baud rate ayarlandy
0x046C	0x24B00A  	MOV	#19200, W10
0x046E	0x20000B  	MOV	#0, W11
0x0470	0x07FF54  	RCALL	_UART1_Init
;uart.c,17 :: 		U1BRG=28;//28
0x0472	0x2001C0  	MOV	#28, W0
0x0474	0xB7A228  	MOV	WREG, U1BRG
;uart.c,18 :: 		UART_Set_Active(&UART1_Read, &UART1_Write, &UART1_Data_Ready, &UART1_Tx_Idle);
0x0476	0x2FFFFD  	MOV	#lo_addr(_UART1_Tx_Idle), W13
0x0478	0x2042CC  	MOV	#lo_addr(_UART1_Data_Ready), W12
0x047A	0x20306B  	MOV	#lo_addr(_UART1_Write), W11
0x047C	0x2041EA  	MOV	#lo_addr(_UART1_Read), W10
0x047E	0x07FF3B  	RCALL	_UART_Set_Active
;uart.c,19 :: 		IFS0bits.U1RXIF = 0;
0x0480	0xA96085  	BCLR	IFS0bits, #11
;uart.c,20 :: 		IEC0bits.U1RXIE=1;// UART1 Receiver Interrupt Enable bit
0x0482	0xA86095  	BSET	IEC0bits, #11
;uart.c,21 :: 		oscconbits.IOLOCK=1;
0x0484	0xA8C742  	BSET.B	OSCCONbits, #6
;uart.c,22 :: 		}
L_end_uartInitArduino:
0x0486	0x7806CF  	POP	W13
0x0488	0x78064F  	POP	W12
0x048A	0x7805CF  	POP	W11
0x048C	0x78054F  	POP	W10
0x048E	0xFA8000  	ULNK
0x0490	0x060000  	RETURN
; end of _uartInitArduino
_UART1_Init:
0x031A	0xFA0008  	LNK	#8
;__Lib_UART_1234_p24_p33.c,161 :: 		
;__Lib_UART_1234_p24_p33.c,164 :: 		
0x031C	0x203060  	MOV	#lo_addr(_UART1_Write), W0
0x031E	0x8846A0  	MOV	W0, _UART_Wr_Ptr
;__Lib_UART_1234_p24_p33.c,165 :: 		
0x0320	0x2041E0  	MOV	#lo_addr(_UART1_Read), W0
0x0322	0x884670  	MOV	W0, _UART_Rd_Ptr
;__Lib_UART_1234_p24_p33.c,166 :: 		
0x0324	0x2042C0  	MOV	#lo_addr(_UART1_Data_Ready), W0
0x0326	0x884680  	MOV	W0, _UART_Rdy_Ptr
;__Lib_UART_1234_p24_p33.c,167 :: 		
0x0328	0x2FFFF0  	MOV	#lo_addr(_UART1_Tx_Idle), W0
0x032A	0x884660  	MOV	W0, _UART_Tx_Idle_Ptr
;__Lib_UART_1234_p24_p33.c,172 :: 		
0x032C	0xEF2220  	CLR	U1MODE
;__Lib_UART_1234_p24_p33.c,173 :: 		
0x032E	0x280000  	MOV	#32768, W0
0x0330	0xB7A222  	MOV	WREG, U1STA
;__Lib_UART_1234_p24_p33.c,177 :: 		
0x0332	0xA96220  	BCLR.B	U1MODE, #3
;__Lib_UART_1234_p24_p33.c,178 :: 		
0x0334	0x07FFDA  	RCALL	_Get_Fosc_kHz
; tmp start address is: 4 (W2)
0x0336	0xBE0100  	MOV.D	W0, W2
;__Lib_UART_1234_p24_p33.c,180 :: 		
0x0338	0x203E80  	MOV	#1000, W0
0x033A	0x200001  	MOV	#0, W1
0x033C	0x07FF61  	RCALL	__Multiply_32x32
0x033E	0xBE0100  	MOV.D	W0, W2
;__Lib_UART_1234_p24_p33.c,182 :: 		
0x0340	0x07FFCE  	RCALL	_Get_Fosc_Per_Cyc
0x0342	0xDE0041  	LSR	W0, #1, W0
0x0344	0x400064  	ADD	W0, #4, W0
0x0346	0x780080  	MOV	W0, W1
0x0348	0x470060  	ADD	W14, #0, W0
0x034A	0xBE880A  	MOV.D	W10, [W0]
L__UART1_Init141:
0x034C	0xE90081  	DEC	W1, W1
0x034E	0x350003  	BRA LT	L__UART1_Init142
0x0350	0xD01810  	SL	[W0], [W0++]
0x0352	0xD29010  	RLC	[W0], [W0--]
0x0354	0x37FFFB  	BRA	L__UART1_Init141
L__UART1_Init142:
;__Lib_UART_1234_p24_p33.c,184 :: 		
0x0356	0xBE9F82  	PUSH.D	W2
0x0358	0xBE9F8A  	PUSH.D	W10
0x035A	0xBE0002  	MOV.D	W2, W0
0x035C	0x90010E  	MOV	[W14+0], W2
0x035E	0x90019E  	MOV	[W14+2], W3
0x0360	0xEB0200  	CLR	W4
0x0362	0x07FF8E  	RCALL	__Modulus_32x32
0x0364	0xBE054F  	POP.D	W10
0x0366	0xBE014F  	POP.D	W2
0x0368	0x980720  	MOV	W0, [W14+4]
0x036A	0x980731  	MOV	W1, [W14+6]
;__Lib_UART_1234_p24_p33.c,185 :: 		
0x036C	0xBE9F8A  	PUSH.D	W10
; tmp end address is: 4 (W2)
0x036E	0xBE0002  	MOV.D	W2, W0
0x0370	0x90010E  	MOV	[W14+0], W2
0x0372	0x90019E  	MOV	[W14+2], W3
0x0374	0xEB0200  	CLR	W4
0x0376	0x07FF58  	RCALL	__Divide_32x32
0x0378	0xBE054F  	POP.D	W10
; tmp start address is: 6 (W3)
0x037A	0x780180  	MOV	W0, W3
0x037C	0x780201  	MOV	W1, W4
;__Lib_UART_1234_p24_p33.c,187 :: 		
0x037E	0x470060  	ADD	W14, #0, W0
0x0380	0xD10150  	LSR	[++W0], W2
0x0382	0xD380C0  	RRC	[--W0], W1
0x0384	0x470064  	ADD	W14, #4, W0
0x0386	0xE10830  	CP	W1, [W0++]
0x0388	0xE19020  	CPB	W2, [W0--]
0x038A	0x310007  	BRA GEU	L__UART1_Init112
L__UART1_Init143:
;__Lib_UART_1234_p24_p33.c,188 :: 		
0x038C	0x418061  	ADD	W3, #1, W0
0x038E	0x4A00E0  	ADDC	W4, #0, W1
; tmp end address is: 6 (W3)
; tmp start address is: 10 (W5)
0x0390	0x780280  	MOV	W0, W5
0x0392	0x780301  	MOV	W1, W6
; tmp end address is: 10 (W5)
0x0394	0x780105  	MOV	W5, W2
0x0396	0x780186  	MOV	W6, W3
0x0398	0x370002  	BRA	L_UART1_Init13
L__UART1_Init112:
;__Lib_UART_1234_p24_p33.c,187 :: 		
0x039A	0x780103  	MOV	W3, W2
0x039C	0x780184  	MOV	W4, W3
;__Lib_UART_1234_p24_p33.c,188 :: 		
L_UART1_Init13:
;__Lib_UART_1234_p24_p33.c,191 :: 		
; tmp start address is: 4 (W2)
0x039E	0x718002  	IOR	W3, W2, W0
0x03A0	0x3A0033  	BRA NZ	L__UART1_Init114
L__UART1_Init144:
; tmp end address is: 4 (W2)
;__Lib_UART_1234_p24_p33.c,193 :: 		
0x03A2	0x07FFA3  	RCALL	_Get_Fosc_kHz
; tmp start address is: 4 (W2)
0x03A4	0xBE0100  	MOV.D	W0, W2
;__Lib_UART_1234_p24_p33.c,195 :: 		
0x03A6	0x203E80  	MOV	#1000, W0
0x03A8	0x200001  	MOV	#0, W1
0x03AA	0x07FF2A  	RCALL	__Multiply_32x32
0x03AC	0xBE0100  	MOV.D	W0, W2
;__Lib_UART_1234_p24_p33.c,197 :: 		
0x03AE	0x07FF97  	RCALL	_Get_Fosc_Per_Cyc
0x03B0	0xDE0041  	LSR	W0, #1, W0
0x03B2	0xECA000  	INC2	W0
0x03B4	0x780080  	MOV	W0, W1
0x03B6	0x470060  	ADD	W14, #0, W0
0x03B8	0xBE880A  	MOV.D	W10, [W0]
L__UART1_Init145:
0x03BA	0xE90081  	DEC	W1, W1
0x03BC	0x350003  	BRA LT	L__UART1_Init146
0x03BE	0xD01810  	SL	[W0], [W0++]
0x03C0	0xD29010  	RLC	[W0], [W0--]
0x03C2	0x37FFFB  	BRA	L__UART1_Init145
L__UART1_Init146:
;__Lib_UART_1234_p24_p33.c,199 :: 		
0x03C4	0xBE9F82  	PUSH.D	W2
0x03C6	0xBE0002  	MOV.D	W2, W0
0x03C8	0x90010E  	MOV	[W14+0], W2
0x03CA	0x90019E  	MOV	[W14+2], W3
0x03CC	0xEB0200  	CLR	W4
0x03CE	0x07FF58  	RCALL	__Modulus_32x32
0x03D0	0xBE014F  	POP.D	W2
0x03D2	0x980720  	MOV	W0, [W14+4]
0x03D4	0x980731  	MOV	W1, [W14+6]
;__Lib_UART_1234_p24_p33.c,200 :: 		
0x03D6	0xBE0002  	MOV.D	W2, W0
0x03D8	0x90010E  	MOV	[W14+0], W2
0x03DA	0x90019E  	MOV	[W14+2], W3
0x03DC	0xEB0200  	CLR	W4
0x03DE	0x07FF24  	RCALL	__Divide_32x32
; tmp end address is: 4 (W2)
; tmp start address is: 6 (W3)
0x03E0	0x780180  	MOV	W0, W3
0x03E2	0x780201  	MOV	W1, W4
;__Lib_UART_1234_p24_p33.c,202 :: 		
0x03E4	0x470060  	ADD	W14, #0, W0
0x03E6	0xD10150  	LSR	[++W0], W2
0x03E8	0xD380C0  	RRC	[--W0], W1
0x03EA	0x470064  	ADD	W14, #4, W0
0x03EC	0xE10830  	CP	W1, [W0++]
0x03EE	0xE19020  	CPB	W2, [W0--]
0x03F0	0x310007  	BRA GEU	L__UART1_Init113
L__UART1_Init147:
;__Lib_UART_1234_p24_p33.c,203 :: 		
0x03F2	0x418061  	ADD	W3, #1, W0
0x03F4	0x4A00E0  	ADDC	W4, #0, W1
; tmp end address is: 6 (W3)
; tmp start address is: 10 (W5)
0x03F6	0x780280  	MOV	W0, W5
0x03F8	0x780301  	MOV	W1, W6
; tmp end address is: 10 (W5)
0x03FA	0x780105  	MOV	W5, W2
0x03FC	0x780186  	MOV	W6, W3
0x03FE	0x370002  	BRA	L_UART1_Init15
L__UART1_Init113:
;__Lib_UART_1234_p24_p33.c,202 :: 		
0x0400	0x780103  	MOV	W3, W2
0x0402	0x780184  	MOV	W4, W3
;__Lib_UART_1234_p24_p33.c,203 :: 		
L_UART1_Init15:
;__Lib_UART_1234_p24_p33.c,205 :: 		
; tmp start address is: 4 (W2)
0x0404	0xA86220  	BSET.B	U1MODE, #3
; tmp end address is: 4 (W2)
;__Lib_UART_1234_p24_p33.c,206 :: 		
0x0406	0x370000  	BRA	L_UART1_Init14
L__UART1_Init114:
;__Lib_UART_1234_p24_p33.c,191 :: 		
;__Lib_UART_1234_p24_p33.c,206 :: 		
L_UART1_Init14:
;__Lib_UART_1234_p24_p33.c,208 :: 		
; tmp start address is: 4 (W2)
0x0408	0x510061  	SUB	W2, #1, W0
0x040A	0x5980E0  	SUBB	W3, #0, W1
; tmp end address is: 4 (W2)
; tmp start address is: 0 (W0)
0x040C	0x881140  	MOV	W0, U1BRG
; tmp end address is: 0 (W0)
;__Lib_UART_1234_p24_p33.c,211 :: 		
0x040E	0xA92222  	BCLR.B	U1STA, #1
;__Lib_UART_1234_p24_p33.c,213 :: 		
0x0410	0xA8E221  	BSET	U1MODE, #15
;__Lib_UART_1234_p24_p33.c,214 :: 		
0x0412	0xA84223  	BSET	U1STA, #10
;__Lib_UART_1234_p24_p33.c,216 :: 		
0x0414	0x07FEFF  	RCALL	_Delay_100ms
0x0416	0x07FEFE  	RCALL	_Delay_100ms
;__Lib_UART_1234_p24_p33.c,218 :: 		
L_end_UART1_Init:
0x0418	0x000000  	NOP
0x041A	0xFA8000  	ULNK
0x041C	0x060000  	RETURN
; end of _UART1_Init
_Get_Fosc_kHz:
0x02EA	0xFA0000  	LNK	#0
;__Lib_Delays.c,38 :: 		unsigned long Get_Fosc_kHz() {
;__Lib_Delays.c,39 :: 		return Clock_kHz();
0x02EC	0x21F400  	MOV	#8000, W0
0x02EE	0x200001  	MOV	#0, W1
;__Lib_Delays.c,40 :: 		}
L_end_Get_Fosc_kHz:
0x02F0	0x000000  	NOP
0x02F2	0xFA8000  	ULNK
0x02F4	0x060000  	RETURN
; end of _Get_Fosc_kHz
_Get_Fosc_Per_Cyc:
0x02DE	0xFA0000  	LNK	#0
0x02E0	0x000000  	NOP
;__Lib_Delays.c,63 :: 		unsigned int Get_Fosc_Per_Cyc() {
;__Lib_Delays.c,64 :: 		return __FOSC_PER_CYC;
0x02E2	0x200020  	MOV	#2, W0
;__Lib_Delays.c,65 :: 		}
L_end_Get_Fosc_Per_Cyc:
0x02E4	0x000000  	NOP
0x02E6	0xFA8000  	ULNK
0x02E8	0x060000  	RETURN
; end of _Get_Fosc_Per_Cyc
_Delay_100ms:
0x0214	0xFA0000  	LNK	#0
;__Lib_Delays.c,666 :: 		void Delay_100ms()
;__Lib_Delays.c,668 :: 		Delay_ms(100);
0x0216	0x200038  	MOV	#3, W8
0x0218	0x208D57  	MOV	#2261, W7
L_Delay_100ms31:
0x021A	0xED200E  	DEC	W7
0x021C	0x3AFFFE  	BRA NZ	L_Delay_100ms31
0x021E	0xED2010  	DEC	W8
0x0220	0x3AFFFC  	BRA NZ	L_Delay_100ms31
;__Lib_Delays.c,669 :: 		}
L_end_Delay_100ms:
0x0222	0x000000  	NOP
0x0224	0xFA8000  	ULNK
0x0226	0x060000  	RETURN
; end of _Delay_100ms
__Multiply_32x32:
0x0200	0xFA0000  	LNK	#0
;__Lib_Math.c,43 :: 		
;__Lib_Math.c,46 :: 		
0x0202	0xB80A02  	MUL.UU	W1, W2, W4
;__Lib_Math.c,47 :: 		
0x0204	0x880050  	MOV	W0, W5
;__Lib_Math.c,48 :: 		
0x0206	0xB80002  	MUL.UU	W0, W2, W0
;__Lib_Math.c,49 :: 		
0x0208	0x420081  	ADD	W4, W1, W1
;__Lib_Math.c,50 :: 		
0x020A	0xB82A03  	MUL.UU	W5, W3, W4
;__Lib_Math.c,51 :: 		
0x020C	0x420081  	ADD	W4, W1, W1
;__Lib_Math.c,54 :: 		
L_end__Multiply_32x32:
0x020E	0x000000  	NOP
0x0210	0xFA8000  	ULNK
0x0212	0x060000  	RETURN
; end of __Multiply_32x32
__Modulus_32x32:
0x0280	0xFA0000  	LNK	#0
0x0282	0x000000  	NOP
0x0284	0x000000  	NOP
;__Lib_Math.c,162 :: 		
;__Lib_Math.c,164 :: 		
0x0286	0x070002  	RCALL	Modulus_32x32___testsus
;__Lib_Math.c,166 :: 		
0x0288	0x0000000402D8  	GOTO	the_end_Modulus_32x32
;__Lib_Math.c,171 :: 		
Modulus_32x32___testsus:
;__Lib_Math.c,172 :: 		
0x028C	0xE20008  	CP0	W4
;__Lib_Math.c,173 :: 		
0x028E	0x3A0002  	BRA NZ	Modulus_32x32___modsi3
;__Lib_Math.c,175 :: 		
0x0290	0x070010  	RCALL	Modulus_32x32___umodsi3
;__Lib_Math.c,176 :: 		
0x0292	0x060000  	RETURN
;__Lib_Math.c,178 :: 		
Modulus_32x32___modsi3:
;__Lib_Math.c,179 :: 		
0x0294	0x781F81  	MOV	W1, [W15++]
;__Lib_Math.c,180 :: 		
0x0296	0xE20002  	CP0	W1
;__Lib_Math.c,181 :: 		
0x0298	0x3D0002  	BRA GE	Modulus_32x32_modtestb
;__Lib_Math.c,182 :: 		
0x029A	0x100060  	SUBR	W0, #0, W0
;__Lib_Math.c,183 :: 		
0x029C	0x1880E0  	SUBBR	W1, #0, W1
;__Lib_Math.c,184 :: 		
Modulus_32x32_modtestb:
;__Lib_Math.c,185 :: 		
0x029E	0xE20006  	CP0	W3
;__Lib_Math.c,186 :: 		
0x02A0	0x3D0002  	BRA GE	Modulus_32x32_calcrem
;__Lib_Math.c,187 :: 		
0x02A2	0x110160  	SUBR	W2, #0, W2
;__Lib_Math.c,188 :: 		
0x02A4	0x1981E0  	SUBBR	W3, #0, W3
;__Lib_Math.c,189 :: 		
Modulus_32x32_calcrem:
;__Lib_Math.c,190 :: 		
0x02A6	0x070005  	RCALL	Modulus_32x32___umodsi3
;__Lib_Math.c,191 :: 		
0x02A8	0xE0004F  	CP0	[--W15]
;__Lib_Math.c,192 :: 		
0x02AA	0x3B0002  	BRA NN	Modulus_32x32_exitr
;__Lib_Math.c,193 :: 		
0x02AC	0x100060  	SUBR	W0, #0, W0
;__Lib_Math.c,194 :: 		
0x02AE	0x1880E0  	SUBBR	W1, #0, W1
;__Lib_Math.c,195 :: 		
Modulus_32x32_exitr:
;__Lib_Math.c,196 :: 		
0x02B0	0x060000  	RETURN
;__Lib_Math.c,197 :: 		
Modulus_32x32___umodsi3:
;__Lib_Math.c,198 :: 		
0x02B2	0x070002  	RCALL	Modulus_32x32___udivsi3
;__Lib_Math.c,199 :: 		
0x02B4	0xBE8004  	MOV.D	W4, W0
;__Lib_Math.c,200 :: 		
0x02B6	0x060000  	RETURN
;__Lib_Math.c,201 :: 		
Modulus_32x32___udivsi3:
;__Lib_Math.c,202 :: 		
0x02B8	0xB82260  	MUL.UU	W4, #0, W4
;__Lib_Math.c,203 :: 		
0x02BA	0x200206  	MOV	#32, W6
;__Lib_Math.c,204 :: 		
Modulus_32x32_nextbit:
;__Lib_Math.c,205 :: 		
0x02BC	0xD00000  	SL	W0, W0
;__Lib_Math.c,206 :: 		
0x02BE	0xD28081  	RLC	W1, W1
;__Lib_Math.c,207 :: 		
0x02C0	0xD28204  	RLC	W4, W4
;__Lib_Math.c,208 :: 		
0x02C2	0xD28285  	RLC	W5, W5
;__Lib_Math.c,209 :: 		
0x02C4	0xA80000  	BSET	W0, #0
;__Lib_Math.c,210 :: 		
0x02C6	0x520202  	SUB	W4, W2, W4
;__Lib_Math.c,211 :: 		
0x02C8	0x5A8283  	SUBB	W5, W3, W5
;__Lib_Math.c,212 :: 		
0x02CA	0x3B0003  	BRA NN	Modulus_32x32_iterate
;__Lib_Math.c,213 :: 		
0x02CC	0x420202  	ADD	W4, W2, W4
;__Lib_Math.c,214 :: 		
0x02CE	0x4A8283  	ADDC	W5, W3, W5
;__Lib_Math.c,215 :: 		
0x02D0	0xA10000  	BCLR	W0, #0
;__Lib_Math.c,216 :: 		
Modulus_32x32_iterate:
;__Lib_Math.c,217 :: 		
0x02D2	0xE90306  	DEC	W6, W6
;__Lib_Math.c,218 :: 		
0x02D4	0x3AFFF3  	BRA NZ	Modulus_32x32_nextbit
;__Lib_Math.c,219 :: 		
0x02D6	0x060000  	RETURN
;__Lib_Math.c,222 :: 		
the_end_Modulus_32x32:
;__Lib_Math.c,225 :: 		
L_end__Modulus_32x32:
0x02D8	0x000000  	NOP
0x02DA	0xFA8000  	ULNK
0x02DC	0x060000  	RETURN
; end of __Modulus_32x32
__Divide_32x32:
0x0228	0xFA0000  	LNK	#0
0x022A	0x000000  	NOP
0x022C	0x000000  	NOP
;__Lib_Math.c,78 :: 		
;__Lib_Math.c,81 :: 		
0x022E	0x070002  	RCALL	Divide_32x32___testsus
;__Lib_Math.c,83 :: 		
0x0230	0x00000004027A  	GOTO	the_end_Divide_32x32
;__Lib_Math.c,88 :: 		
Divide_32x32___testsus:
;__Lib_Math.c,89 :: 		
0x0234	0xE20008  	CP0	W4
;__Lib_Math.c,90 :: 		
0x0236	0x3A0002  	BRA NZ	Divide_32x32___divsi3
;__Lib_Math.c,92 :: 		
0x0238	0x070010  	RCALL	Divide_32x32___udivsi3
;__Lib_Math.c,93 :: 		
0x023A	0x060000  	RETURN
;__Lib_Math.c,95 :: 		
Divide_32x32___divsi3:
;__Lib_Math.c,96 :: 		
0x023C	0x689F83  	XOR	W1, W3, [W15++]
;__Lib_Math.c,97 :: 		
0x023E	0xE20002  	CP0	W1
;__Lib_Math.c,98 :: 		
0x0240	0x3D0002  	BRA GE	Divide_32x32_divtestb
;__Lib_Math.c,99 :: 		
0x0242	0x100060  	SUBR	W0, #0, W0
;__Lib_Math.c,100 :: 		
0x0244	0x1880E0  	SUBBR	W1, #0, W1
;__Lib_Math.c,101 :: 		
Divide_32x32_divtestb:
;__Lib_Math.c,102 :: 		
0x0246	0xE20006  	CP0	W3
;__Lib_Math.c,103 :: 		
0x0248	0x3D0002  	BRA GE	Divide_32x32_calcquot
;__Lib_Math.c,104 :: 		
0x024A	0x110160  	SUBR	W2, #0, W2
;__Lib_Math.c,105 :: 		
0x024C	0x1981E0  	SUBBR	W3, #0, W3
;__Lib_Math.c,106 :: 		
Divide_32x32_calcquot:
;__Lib_Math.c,107 :: 		
0x024E	0x070005  	RCALL	Divide_32x32___udivsi3
;__Lib_Math.c,108 :: 		
0x0250	0xE0004F  	CP0	[--W15]
;__Lib_Math.c,109 :: 		
0x0252	0x3B0002  	BRA NN	Divide_32x32_returnq
;__Lib_Math.c,110 :: 		
0x0254	0x100060  	SUBR	W0, #0, W0
;__Lib_Math.c,111 :: 		
0x0256	0x1880E0  	SUBBR	W1, #0, W1
;__Lib_Math.c,112 :: 		
Divide_32x32_returnq:
;__Lib_Math.c,113 :: 		
0x0258	0x060000  	RETURN
;__Lib_Math.c,114 :: 		
Divide_32x32___udivsi3:
;__Lib_Math.c,115 :: 		
0x025A	0xB82260  	MUL.UU	W4, #0, W4
;__Lib_Math.c,116 :: 		
0x025C	0x200206  	MOV	#32, W6
;__Lib_Math.c,117 :: 		
Divide_32x32_nextbit:
;__Lib_Math.c,118 :: 		
0x025E	0xD00000  	SL	W0, W0
;__Lib_Math.c,119 :: 		
0x0260	0xD28081  	RLC	W1, W1
;__Lib_Math.c,120 :: 		
0x0262	0xD28204  	RLC	W4, W4
;__Lib_Math.c,121 :: 		
0x0264	0xD28285  	RLC	W5, W5
;__Lib_Math.c,122 :: 		
0x0266	0xA80000  	BSET	W0, #0
;__Lib_Math.c,123 :: 		
0x0268	0x520202  	SUB	W4, W2, W4
;__Lib_Math.c,124 :: 		
0x026A	0x5A8283  	SUBB	W5, W3, W5
;__Lib_Math.c,125 :: 		
0x026C	0x3B0003  	BRA NN	Divide_32x32_iterate
;__Lib_Math.c,126 :: 		
0x026E	0x420202  	ADD	W4, W2, W4
;__Lib_Math.c,127 :: 		
0x0270	0x4A8283  	ADDC	W5, W3, W5
;__Lib_Math.c,128 :: 		
0x0272	0xA10000  	BCLR	W0, #0
;__Lib_Math.c,129 :: 		
Divide_32x32_iterate:
;__Lib_Math.c,130 :: 		
0x0274	0xE90306  	DEC	W6, W6
;__Lib_Math.c,131 :: 		
0x0276	0x3AFFF3  	BRA NZ	Divide_32x32_nextbit
;__Lib_Math.c,132 :: 		
0x0278	0x060000  	RETURN
;__Lib_Math.c,135 :: 		
the_end_Divide_32x32:
;__Lib_Math.c,138 :: 		
L_end__Divide_32x32:
0x027A	0x000000  	NOP
0x027C	0xFA8000  	ULNK
0x027E	0x060000  	RETURN
; end of __Divide_32x32
_UART_Set_Active:
0x02F6	0xFA0000  	LNK	#0
;__Lib_UART_1234_p24_p33.c,1010 :: 		
;__Lib_UART_1234_p24_p33.c,1011 :: 		
0x02F8	0x88467A  	MOV	W10, _UART_Rd_Ptr
;__Lib_UART_1234_p24_p33.c,1012 :: 		
0x02FA	0x8846AB  	MOV	W11, _UART_Wr_Ptr
;__Lib_UART_1234_p24_p33.c,1013 :: 		
0x02FC	0x88468C  	MOV	W12, _UART_Rdy_Ptr
;__Lib_UART_1234_p24_p33.c,1014 :: 		
0x02FE	0x88466D  	MOV	W13, _UART_Tx_Idle_Ptr
;__Lib_UART_1234_p24_p33.c,1015 :: 		
L_end_UART_Set_Active:
0x0300	0x000000  	NOP
0x0302	0xFA8000  	ULNK
0x0304	0x060000  	RETURN
; end of _UART_Set_Active
_uartTxToArduino:
0x0492	0xFA0000  	LNK	#0
0x0494	0x000000  	NOP
;uart.c,24 :: 		void uartTxToArduino(char length ,char *uartData)
;uart.c,28 :: 		for(i=0;i<length;i++)
; i start address is: 2 (W1)
0x0496	0xEF2002  	CLR	W1
; i end address is: 2 (W1)
L_uartTxToArduino0:
; i start address is: 2 (W1)
0x0498	0xFB800A  	ZE	W10, W0
0x049A	0xE10800  	CP	W1, W0
0x049C	0x310007  	BRA GEU	L_uartTxToArduino1
L__uartTxToArduino7:
;uart.c,30 :: 		UART1_Write(uartData[i]);
0x049E	0x458001  	ADD	W11, W1, W0
0x04A0	0x781F8A  	PUSH	W10
0x04A2	0xFB8510  	ZE	[W0], W10
0x04A4	0x07FF30  	RCALL	_UART1_Write
0x04A6	0x78054F  	POP	W10
;uart.c,28 :: 		for(i=0;i<length;i++)
0x04A8	0xEC2002  	INC	W1
;uart.c,31 :: 		}
; i end address is: 2 (W1)
0x04AA	0x37FFF6  	BRA	L_uartTxToArduino0
L_uartTxToArduino1:
;uart.c,32 :: 		}
L_end_uartTxToArduino:
0x04AC	0x000000  	NOP
0x04AE	0xFA8000  	ULNK
0x04B0	0x060000  	RETURN
; end of _uartTxToArduino
_UART1_Write:
0x0306	0xFA0000  	LNK	#0
0x0308	0x000000  	NOP
0x030A	0x000000  	NOP
;__Lib_UART_1234_p24_p33.c,86 :: 		
;__Lib_UART_1234_p24_p33.c,87 :: 		
L_UART1_Write0:
0x030C	0xAF0223  	BTSC	U1STA, #8
0x030E	0x370001  	BRA	L_UART1_Write1
0x0310	0x37FFFD  	BRA	L_UART1_Write0
L_UART1_Write1:
;__Lib_UART_1234_p24_p33.c,88 :: 		
0x0312	0x88112A  	MOV	W10, U1TXREG
;__Lib_UART_1234_p24_p33.c,89 :: 		
L_end_UART1_Write:
0x0314	0x000000  	NOP
0x0316	0xFA8000  	ULNK
0x0318	0x060000  	RETURN
; end of _UART1_Write
0x0588	0x20862A  	MOV	#2146, W10
0x058A	0x20000B  	MOV	#0, W11
0x058C	0x09006C  	REPEAT	#108
0x058E	0x781D0B  	MOV	W11, [W10++]
0x0590	0x060000  	RETURN
0x0592	0x208621  	MOV	#lo_addr(_uartCount), W1
0x0594	0x280000  	MOV	#32768, W0
0x0596	0x090002  	REPEAT	#2
0x0598	0x7818B0  	MOV	[W0++], [W1++]
0x059A	0x060000  	RETURN
_UART1RXInterrupt:
0x04E4	0xFA0002  	LNK	#2
0x04E6	0xF80034  	PUSH	PSVPAG
0x04E8	0xF80036  	PUSH	RCOUNT
0x04EA	0x781F80  	PUSH	W0
0x04EC	0x200020  	MOV	#2, W0
0x04EE	0x09000C  	REPEAT	#12
0x04F0	0x781FB0  	PUSH	[W0++]
;uart.c,34 :: 		void UART1RXInterrupt() iv IVT_ADDR_U1RXINTERRUPT
;uart.c,36 :: 		if(UART1_Data_Ready())
0x04F2	0x07FF9C  	RCALL	_UART1_Data_Ready
0x04F4	0xE20000  	CP0	W0
0x04F6	0x320010  	BRA Z	L_UART1RXInterrupt3
L__UART1RXInterrupt9:
;uart.c,38 :: 		uartRxBuffer[uartCount]=UART1_Read();
0x04F8	0x208681  	MOV	#lo_addr(_uartRxBuffer), W1
0x04FA	0x208620  	MOV	#lo_addr(_uartCount), W0
0x04FC	0x408010  	ADD	W1, [W0], W0
0x04FE	0x980700  	MOV	W0, [W14+0]
0x0500	0x07FF8E  	RCALL	_UART1_Read
0x0502	0x90008E  	MOV	[W14+0], W1
0x0504	0x784880  	MOV.B	W0, [W1]
;uart.c,40 :: 		uartCount++;
0x0506	0x200011  	MOV	#1, W1
0x0508	0x208620  	MOV	#lo_addr(_uartCount), W0
0x050A	0x408810  	ADD	W1, [W0], [W0]
;uart.c,41 :: 		if(uartCount>99)
0x050C	0x200631  	MOV	#99, W1
0x050E	0x208620  	MOV	#lo_addr(_uartCount), W0
0x0510	0xE10810  	CP	W1, [W0]
0x0512	0x310002  	BRA GEU	L_UART1RXInterrupt4
L__UART1RXInterrupt10:
;uart.c,42 :: 		uartCount=0;
0x0514	0xEF2000  	CLR	W0
0x0516	0x884310  	MOV	W0, _uartCount
L_UART1RXInterrupt4:
;uart.c,43 :: 		}
L_UART1RXInterrupt3:
;uart.c,44 :: 		IFS0bits.U1RXIF = 0;
0x0518	0xA96085  	BCLR	IFS0bits, #11
;uart.c,45 :: 		}
L_end_UART1RXInterrupt:
0x051A	0x2001A0  	MOV	#26, W0
0x051C	0x09000C  	REPEAT	#12
0x051E	0x78104F  	POP	[W0--]
0x0520	0x78004F  	POP	W0
0x0522	0xF90036  	POP	RCOUNT
0x0524	0xF90034  	POP	PSVPAG
0x0526	0xFA8000  	ULNK
0x0528	0x064000  	RETFIE
; end of _UART1RXInterrupt
_UART1_Data_Ready:
0x042C	0xFA0000  	LNK	#0
;__Lib_UART_1234_p24_p33.c,103 :: 		
;__Lib_UART_1234_p24_p33.c,104 :: 		
0x042E	0xBF8222  	MOV	U1STA, WREG
0x0430	0x600061  	AND	W0, #1, W0
;__Lib_UART_1234_p24_p33.c,106 :: 		
L_end_UART1_Data_Ready:
0x0432	0x000000  	NOP
0x0434	0xFA8000  	ULNK
0x0436	0x060000  	RETURN
; end of _UART1_Data_Ready
_UART1_Read:
0x041E	0xFA0000  	LNK	#0
;__Lib_UART_1234_p24_p33.c,108 :: 		
;__Lib_UART_1234_p24_p33.c,109 :: 		
0x0420	0x000000  	NOP
;__Lib_UART_1234_p24_p33.c,110 :: 		
0x0422	0x000000  	NOP
;__Lib_UART_1234_p24_p33.c,111 :: 		
0x0424	0xBF8226  	MOV	U1RXREG, WREG
;__Lib_UART_1234_p24_p33.c,112 :: 		
L_end_UART1_Read:
0x0426	0x000000  	NOP
0x0428	0xFA8000  	ULNK
0x042A	0x060000  	RETURN
; end of _UART1_Read
_Timer1Interrupt:
0x04B2	0xFA0000  	LNK	#0
0x04B4	0xF80034  	PUSH	PSVPAG
0x04B6	0xF80036  	PUSH	RCOUNT
0x04B8	0x781F80  	PUSH	W0
0x04BA	0x200020  	MOV	#2, W0
0x04BC	0x09000C  	REPEAT	#12
0x04BE	0x781FB0  	PUSH	[W0++]
;timer.c,5 :: 		void Timer1Interrupt() iv IVT_ADDR_T1INTERRUPT{
;timer.c,6 :: 		if(IFS0bits.T1IF==1)
0x04C0	0xAE6084  	BTSS	IFS0bits, #3
0x04C2	0x370008  	BRA	L_Timer1Interrupt0
;timer.c,8 :: 		millis_count++;     //increment millisecond count
0x04C4	0x200011  	MOV	#1, W1
0x04C6	0x200002  	MOV	#0, W2
0x04C8	0x208640  	MOV	#lo_addr(_millis_count), W0
0x04CA	0x409810  	ADD	W1, [W0], [W0++]
0x04CC	0x491010  	ADDC	W2, [W0], [W0--]
;timer.c,9 :: 		has_updated = 1;    //note an update has occured
0x04CE	0x208D20  	MOV	#lo_addr(_has_updated), W0
0x04D0	0xA00010  	BSET	[W0], BitPos(_has_updated+0)
;timer.c,10 :: 		T1IF_bit=0;
0x04D2	0xA96084  	BCLR	T1IF_bit, BitPos(T1IF_bit+0)
;timer.c,11 :: 		}
L_Timer1Interrupt0:
;timer.c,12 :: 		}
L_end_Timer1Interrupt:
0x04D4	0x2001A0  	MOV	#26, W0
0x04D6	0x09000C  	REPEAT	#12
0x04D8	0x78104F  	POP	[W0--]
0x04DA	0x78004F  	POP	W0
0x04DC	0xF90036  	POP	RCOUNT
0x04DE	0xF90034  	POP	PSVPAG
0x04E0	0xFA8000  	ULNK
0x04E2	0x064000  	RETFIE
; end of _Timer1Interrupt
;uart.c,0 :: ?ICS_uartCount [2]
0x8000	0x0000 ;?ICS_uartCount+0
; end of ?ICS_uartCount
;timer.c,0 :: ?ICS_millis_count [4]
0x8002	0x0000 ;?ICS_millis_count+0
0x8004	0x0000 ;?ICS_millis_count+2
; end of ?ICS_millis_count
Symbol List:
//** Routines locations **
//ADDRESS    SIZE    PROCEDURE
//----------------------------------------------
0x0200      [20]    __Multiply_32x32
0x0214      [20]    _Delay_100ms
0x0228      [88]    __Divide_32x32
0x0280      [94]    __Modulus_32x32
0x02DE      [12]    _Get_Fosc_Per_Cyc
0x02EA      [12]    _Get_Fosc_kHz
0x02F6      [16]    _UART_Set_Active
0x0306      [20]    _UART1_Write
0x031A     [260]    _UART1_Init
0x041E      [14]    _UART1_Read
0x042C      [12]    _UART1_Data_Ready
0x0438      [90]    _uartInitArduino
0x0492      [32]    _uartTxToArduino
0x04B2      [50]    _Timer1Interrupt
0x04E4      [70]    _UART1RXInterrupt
0x052A      [94]    _main
//** Variables locations ** 
//ADDRESS    SIZE    VARIABLE
//----------------------------------------------
0x0220       [2]    U1MODE
0x0868     [100]    _uartRxBuffer
0x08CC       [2]    _UART_Tx_Idle_Ptr
0x08CE       [2]    _UART_Rd_Ptr
0x08D0       [2]    _UART_Rdy_Ptr
0x08D2       [0]    _has_updated
0x0084       [0]    T1IF_bit
0x0226       [2]    U1RXREG
0x08D4       [2]    _UART_Wr_Ptr
0x06A4       [2]    RPINR18bits
0x06DA       [2]    RPOR13bits
0x0742       [2]    OSCCONbits
0x08D6       [2]    _i
0x08D8     [100]    _uartTxBuffer
0x0222       [2]    U1STA
0x0224       [2]    U1TXREG
0x0094       [2]    IEC0bits
0x0228       [2]    U1BRG
0x0084       [2]    IFS0bits
0x0862       [2]    _uartCount
0x0864       [4]    _millis_count
0x0220       [2]    U1MODE
0x0222       [2]    U1STA
0x0224       [2]    U1TXREG
0x0226       [2]    U1RXREG
0x0228       [2]    U1BRG
0x0014       [2]    FARG_UART_Set_Active_read_ptr
0x0016       [2]    FARG_UART_Set_Active_write_ptr
0x0018       [2]    FARG_UART_Set_Active_ready_ptr
0x001A       [2]    FARG_UART_Set_Active_tx_idle_ptr
0x0014       [2]    FARG_UART1_Write__data
0x0014       [4]    FARG_UART1_Init_baud_rate
0x0014       [1]    FARG_uartTxToArduino_length
0x0016       [2]    FARG_uartTxToArduino_uartData
//** Constants locations ** 
//ADDRESS    SIZE    CONSTANT
//----------------------------------------------
0x8000       [2]    ?ICS_uartCount
0x8002       [4]    ?ICS_millis_count
